<?xml version="1.0" encoding="UTF-8"?><testrun name="stackappTest (1)" project="stackappTest" tests="3" started="3" failures="1" errors="1" ignored="0">
  <testsuite name="Nexus_5_API_21_x86 [emulator-5554]" time="3.283">
    <testsuite name="com.mugwumps.stackapp.test.stackappTest" time="3.283">
      <testcase name="testPush " classname="com.mugwumps.stackapp.test.stackappTest" time="0.983">
        <failure>junit.framework.ComparisonFailure: expected:&lt;[2, [1]0, 0]&gt; but was:&lt;[2, []0, 0]&gt;&#13;
at com.mugwumps.stackapp.test.stackappTest.testPush(stackappTest.java:121)&#13;
at android.test.InstrumentationTestCase.runMethod(InstrumentationTestCase.java:214)&#13;
at android.test.InstrumentationTestCase.runTest(InstrumentationTestCase.java:199)&#13;
at android.test.ActivityInstrumentationTestCase2.runTest(ActivityInstrumentationTestCase2.java:192)&#13;
at android.test.AndroidTestRunner.runTest(AndroidTestRunner.java:191)&#13;
at android.test.AndroidTestRunner.runTest(AndroidTestRunner.java:176)&#13;
at android.test.InstrumentationTestRunner.onStart(InstrumentationTestRunner.java:555)&#13;
at android.app.Instrumentation$InstrumentationThread.run(Instrumentation.java:1837)&#13;
&#13;
</failure>
      </testcase>
      <testcase name="testPushbutton " classname="com.mugwumps.stackapp.test.stackappTest" time="1.125">
        <error>java.lang.NumberFormatException: Invalid int: ""&#13;
at java.lang.Integer.invalidInt(Integer.java:138)&#13;
at java.lang.Integer.parseInt(Integer.java:358)&#13;
at java.lang.Integer.parseInt(Integer.java:334)&#13;
at com.mugwumps.stackapp.StackApp$1.onClick(StackApp.java:42)&#13;
at android.view.View.callOnClick(View.java:4777)&#13;
at com.mugwumps.stackapp.test.stackappTest.testPushbutton(stackappTest.java:92)&#13;
at android.test.InstrumentationTestCase.runMethod(InstrumentationTestCase.java:214)&#13;
at android.test.InstrumentationTestCase.runTest(InstrumentationTestCase.java:199)&#13;
at android.test.ActivityInstrumentationTestCase2.runTest(ActivityInstrumentationTestCase2.java:192)&#13;
at android.test.AndroidTestRunner.runTest(AndroidTestRunner.java:191)&#13;
at android.test.AndroidTestRunner.runTest(AndroidTestRunner.java:176)&#13;
at android.test.InstrumentationTestRunner.onStart(InstrumentationTestRunner.java:555)&#13;
at android.app.Instrumentation$InstrumentationThread.run(Instrumentation.java:1837)&#13;
&#13;
</error>
      </testcase>
      <testcase name="testStackInitializedEmpty " classname="com.mugwumps.stackapp.test.stackappTest" time="1.175"/>
    </testsuite>
  </testsuite>
</testrun>
