<?xml version="1.0" encoding="UTF-8"?><testrun name="stackappTest (1)" project="stackappTest" tests="3" started="3" failures="1" errors="1" ignored="0">
  <testsuite name="Nexus_5_API_21_x86 [emulator-5554]" time="2.486">
    <testsuite name="com.mugwumps.stackapp.test.stackappTest" time="2.486">
      <testcase name="testPush " classname="com.mugwumps.stackapp.test.stackappTest" time="0.836">
        <failure>junit.framework.AssertionFailedError: expected:&lt;[2, 0, 0]&gt; but was:&lt;[I@af75fc&gt;&#13;
at com.mugwumps.stackapp.test.stackappTest.testPush(stackappTest.java:113)&#13;
at android.test.InstrumentationTestCase.runMethod(InstrumentationTestCase.java:214)&#13;
at android.test.InstrumentationTestCase.runTest(InstrumentationTestCase.java:199)&#13;
at android.test.ActivityInstrumentationTestCase2.runTest(ActivityInstrumentationTestCase2.java:192)&#13;
at android.test.AndroidTestRunner.runTest(AndroidTestRunner.java:191)&#13;
at android.test.AndroidTestRunner.runTest(AndroidTestRunner.java:176)&#13;
at android.test.InstrumentationTestRunner.onStart(InstrumentationTestRunner.java:555)&#13;
at android.app.Instrumentation$InstrumentationThread.run(Instrumentation.java:1837)&#13;
&#13;
</failure>
      </testcase>
      <testcase name="testPushbutton " classname="com.mugwumps.stackapp.test.stackappTest" time="0.9">
        <error>android.view.ViewRootImpl$CalledFromWrongThreadException: Only the original thread that created a view hierarchy can touch its views.&#13;
at android.view.ViewRootImpl.checkThread(ViewRootImpl.java:6247)&#13;
at android.view.ViewRootImpl.playSoundEffect(ViewRootImpl.java:5222)&#13;
at android.view.View.playSoundEffect(View.java:17876)&#13;
at android.view.View.performClick(View.java:4755)&#13;
at com.mugwumps.stackapp.test.stackappTest.testPushbutton(stackappTest.java:89)&#13;
at android.test.InstrumentationTestCase.runMethod(InstrumentationTestCase.java:214)&#13;
at android.test.InstrumentationTestCase.runTest(InstrumentationTestCase.java:199)&#13;
at android.test.ActivityInstrumentationTestCase2.runTest(ActivityInstrumentationTestCase2.java:192)&#13;
at android.test.AndroidTestRunner.runTest(AndroidTestRunner.java:191)&#13;
at android.test.AndroidTestRunner.runTest(AndroidTestRunner.java:176)&#13;
at android.test.InstrumentationTestRunner.onStart(InstrumentationTestRunner.java:555)&#13;
at android.app.Instrumentation$InstrumentationThread.run(Instrumentation.java:1837)&#13;
&#13;
</error>
      </testcase>
      <testcase name="testStackInitializedEmpty " classname="com.mugwumps.stackapp.test.stackappTest" time="0.725"/>
    </testsuite>
  </testsuite>
</testrun>
